Adapter #0

Enclosure Device ID: 0
Slot Number: 0
Drive's postion: DiskGroup: 0, Span: 0, Arm: 0
Enclosure position: 0
Device Id: 2
WWN: 5000cca222e64925
Sequence Number: 2
Media Error Count: 0
Other Error Count: 0
Predictive Failure Count: 0
Last Predictive Failure Event Seq Number: 0
PD Type: SATA
Raw Size: 1.819 TB [0xe8e088b0 Sectors]
Non Coerced Size: 1.818 TB [0xe8d088b0 Sectors]
Coerced Size: 1.818 TB [0xe8d00000 Sectors]
Firmware state: Online, Spun Up
Commissioned Spare : No
Device Firmware Level: A3MA
Shield Counter: 0
Successful diagnostics completion on :  N/A
SAS Address(0): 0x5003048017b28340
Connected Port Number: 0(path0) 
Inquiry Data:       JK11A4B8JR6XHWHitachi HDS722020ALA330                 JKAOA3MA
FDE Enable: Disable
Secured: Unsecured
Locked: Unlocked
Needs EKM Attention: No
Foreign State: None 
Device Speed: 3.0Gb/s 
Link Speed: 12.0Gb/s 
Media Type: Hard Disk Device
Drive Temperature :31C (87.80 F)
PI Eligibility:  No 
Drive is formatted for PI information:  No
PI: No PI
Drive's write cache : Enabled
Drive's NCQ setting : Enabled
Port-0 :
Port status: Active
Port's Linkspeed: 12.0Gb/s 
Drive has flagged a S.M.A.R.T alert : No



Enclosure Device ID: 0
Slot Number: 1
Drive's postion: DiskGroup: 0, Span: 0, Arm: 1
Enclosure position: 0
Device Id: 4
WWN: 5000cca222dc83df
Sequence Number: 2
Media Error Count: 0
Other Error Count: 0
Predictive Failure Count: 0
Last Predictive Failure Event Seq Number: 0
PD Type: SATA
Raw Size: 1.819 TB [0xe8e088b0 Sectors]
Non Coerced Size: 1.818 TB [0xe8d088b0 Sectors]
Coerced Size: 1.818 TB [0xe8d00000 Sectors]
Firmware state: Online, Spun Up
Commissioned Spare : No
Device Firmware Level: A3MA
Shield Counter: 0
Successful diagnostics completion on :  N/A
SAS Address(0): 0x5003048017b28341
Connected Port Number: 0(path0) 
Inquiry Data:       JK11A5B8J0RLUXHitachi HDS722020ALA330                 JKAOA3MA
FDE Enable: Disable
Secured: Unsecured
Locked: Unlocked
Needs EKM Attention: No
Foreign State: None 
Device Speed: 3.0Gb/s 
Link Speed: 12.0Gb/s 
Media Type: Hard Disk Device
Drive Temperature :31C (87.80 F)
PI Eligibility:  No 
Drive is formatted for PI information:  No
PI: No PI
Drive's write cache : Enabled
Drive's NCQ setting : Enabled
Port-0 :
Port status: Active
Port's Linkspeed: 12.0Gb/s 
Drive has flagged a S.M.A.R.T alert : No



Enclosure Device ID: 0
Slot Number: 2
Drive's postion: DiskGroup: 0, Span: 0, Arm: 2
Enclosure position: 0
Device Id: 3
WWN: 5000cca222e6373d
Sequence Number: 2
Media Error Count: 0
Other Error Count: 0
Predictive Failure Count: 0
Last Predictive Failure Event Seq Number: 0
PD Type: SATA
Raw Size: 1.819 TB [0xe8e088b0 Sectors]
Non Coerced Size: 1.818 TB [0xe8d088b0 Sectors]
Coerced Size: 1.818 TB [0xe8d00000 Sectors]
Firmware state: Online, Spun Up
Commissioned Spare : No
Device Firmware Level: A3MA
Shield Counter: 0
Successful diagnostics completion on :  N/A
SAS Address(0): 0x5003048017b28342
Connected Port Number: 0(path0) 
Inquiry Data:       JK11A4B8JR24MWHitachi HDS722020ALA330                 JKAOA3MA
FDE Enable: Disable
Secured: Unsecured
Locked: Unlocked
Needs EKM Attention: No
Foreign State: None 
Device Speed: 3.0Gb/s 
Link Speed: 12.0Gb/s 
Media Type: Hard Disk Device
Drive Temperature :30C (86.00 F)
PI Eligibility:  No 
Drive is formatted for PI information:  No
PI: No PI
Drive's write cache : Enabled
Drive's NCQ setting : Enabled
Port-0 :
Port status: Active
Port's Linkspeed: 12.0Gb/s 
Drive has flagged a S.M.A.R.T alert : No



Enclosure Device ID: 0
Slot Number: 3
Drive's postion: DiskGroup: 0, Span: 0, Arm: 3
Enclosure position: 0
Device Id: 6
WWN: 50024e9004b1ae0b
Sequence Number: 2
Media Error Count: 0
Other Error Count: 0
Predictive Failure Count: 0
Last Predictive Failure Event Seq Number: 0
PD Type: SATA
Raw Size: 1.819 TB [0xe8e088b0 Sectors]
Non Coerced Size: 1.818 TB [0xe8d088b0 Sectors]
Coerced Size: 1.818 TB [0xe8d00000 Sectors]
Firmware state: Online, Spun Up
Commissioned Spare : No
Device Firmware Level: 0001
Shield Counter: 0
Successful diagnostics completion on :  N/A
SAS Address(0): 0x5003048017b28343
Connected Port Number: 0(path0) 
Inquiry Data: S2H7JD1B220323      SAMSUNG HD204UI                         1AQ10001
FDE Enable: Disable
Secured: Unsecured
Locked: Unlocked
Needs EKM Attention: No
Foreign State: None 
Device Speed: 3.0Gb/s 
Link Speed: 12.0Gb/s 
Media Type: Hard Disk Device
Drive Temperature :24C (75.20 F)
PI Eligibility:  No 
Drive is formatted for PI information:  No
PI: No PI
Drive's write cache : Enabled
Drive's NCQ setting : Enabled
Port-0 :
Port status: Active
Port's Linkspeed: 12.0Gb/s 
Drive has flagged a S.M.A.R.T alert : No



Enclosure Device ID: 0
Slot Number: 4
Drive's postion: DiskGroup: 0, Span: 0, Arm: 4
Enclosure position: 0
Device Id: 5
WWN: 5000cca222dc83c6
Sequence Number: 2
Media Error Count: 0
Other Error Count: 0
Predictive Failure Count: 0
Last Predictive Failure Event Seq Number: 0
PD Type: SATA
Raw Size: 1.819 TB [0xe8e088b0 Sectors]
Non Coerced Size: 1.818 TB [0xe8d088b0 Sectors]
Coerced Size: 1.818 TB [0xe8d00000 Sectors]
Firmware state: Online, Spun Up
Commissioned Spare : No
Device Firmware Level: A3MA
Shield Counter: 0
Successful diagnostics completion on :  N/A
SAS Address(0): 0x5003048017b28344
Connected Port Number: 0(path0) 
Inquiry Data:       JK11A5B8J0RL0XHitachi HDS722020ALA330                 JKAOA3MA
FDE Enable: Disable
Secured: Unsecured
Locked: Unlocked
Needs EKM Attention: No
Foreign State: None 
Device Speed: 3.0Gb/s 
Link Speed: 12.0Gb/s 
Media Type: Hard Disk Device
Drive Temperature :30C (86.00 F)
PI Eligibility:  No 
Drive is formatted for PI information:  No
PI: No PI
Drive's write cache : Enabled
Drive's NCQ setting : Enabled
Port-0 :
Port status: Active
Port's Linkspeed: 12.0Gb/s 
Drive has flagged a S.M.A.R.T alert : No



Enclosure Device ID: 0
Slot Number: 5
Drive's postion: DiskGroup: 0, Span: 0, Arm: 5
Enclosure position: 0
Device Id: 7
WWN: 5000cca222e35597
Sequence Number: 2
Media Error Count: 0
Other Error Count: 0
Predictive Failure Count: 0
Last Predictive Failure Event Seq Number: 0
PD Type: SATA
Raw Size: 1.819 TB [0xe8e088b0 Sectors]
Non Coerced Size: 1.818 TB [0xe8d088b0 Sectors]
Coerced Size: 1.818 TB [0xe8d00000 Sectors]
Firmware state: Online, Spun Up
Commissioned Spare : No
Device Firmware Level: A3MA
Shield Counter: 0
Successful diagnostics completion on :  N/A
SAS Address(0): 0x5003048017b28345
Connected Port Number: 0(path0) 
Inquiry Data:       JK11A4B8JHRN2WHitachi HDS722020ALA330                 JKAOA3MA
FDE Enable: Disable
Secured: Unsecured
Locked: Unlocked
Needs EKM Attention: No
Foreign State: None 
Device Speed: 3.0Gb/s 
Link Speed: 12.0Gb/s 
Media Type: Hard Disk Device
Drive Temperature :29C (84.20 F)
PI Eligibility:  No 
Drive is formatted for PI information:  No
PI: No PI
Drive's write cache : Enabled
Drive's NCQ setting : Enabled
Port-0 :
Port status: Active
Port's Linkspeed: 12.0Gb/s 
Drive has flagged a S.M.A.R.T alert : No



Enclosure Device ID: 0
Slot Number: 6
Drive's postion: DiskGroup: 0, Span: 0, Arm: 6
Enclosure position: 0
Device Id: 13
WWN: 5000cca222e63801
Sequence Number: 2
Media Error Count: 0
Other Error Count: 0
Predictive Failure Count: 0
Last Predictive Failure Event Seq Number: 0
PD Type: SATA
Raw Size: 1.819 TB [0xe8e088b0 Sectors]
Non Coerced Size: 1.818 TB [0xe8d088b0 Sectors]
Coerced Size: 1.818 TB [0xe8d00000 Sectors]
Firmware state: Online, Spun Up
Commissioned Spare : No
Device Firmware Level: A3MA
Shield Counter: 0
Successful diagnostics completion on :  N/A
SAS Address(0): 0x5003048017b28346
Connected Port Number: 0(path0) 
Inquiry Data:       JK11A4B8JR2AYWHitachi HDS722020ALA330                 JKAOA3MA
FDE Enable: Disable
Secured: Unsecured
Locked: Unlocked
Needs EKM Attention: No
Foreign State: None 
Device Speed: 3.0Gb/s 
Link Speed: 12.0Gb/s 
Media Type: Hard Disk Device
Drive Temperature :32C (89.60 F)
PI Eligibility:  No 
Drive is formatted for PI information:  No
PI: No PI
Drive's write cache : Enabled
Drive's NCQ setting : Enabled
Port-0 :
Port status: Active
Port's Linkspeed: 12.0Gb/s 
Drive has flagged a S.M.A.R.T alert : No



Enclosure Device ID: 0
Slot Number: 7
Drive's postion: DiskGroup: 0, Span: 0, Arm: 7
Enclosure position: 0
Device Id: 11
WWN: 5000cca222e640e1
Sequence Number: 2
Media Error Count: 0
Other Error Count: 0
Predictive Failure Count: 0
Last Predictive Failure Event Seq Number: 0
PD Type: SATA
Raw Size: 1.819 TB [0xe8e088b0 Sectors]
Non Coerced Size: 1.818 TB [0xe8d088b0 Sectors]
Coerced Size: 1.818 TB [0xe8d00000 Sectors]
Firmware state: Online, Spun Up
Commissioned Spare : No
Device Firmware Level: A3MA
Shield Counter: 0
Successful diagnostics completion on :  N/A
SAS Address(0): 0x5003048017b28347
Connected Port Number: 0(path0) 
Inquiry Data:       JK11A4B8JR4R7WHitachi HDS722020ALA330                 JKAOA3MA
FDE Enable: Disable
Secured: Unsecured
Locked: Unlocked
Needs EKM Attention: No
Foreign State: None 
Device Speed: 3.0Gb/s 
Link Speed: 12.0Gb/s 
Media Type: Hard Disk Device
Drive Temperature :32C (89.60 F)
PI Eligibility:  No 
Drive is formatted for PI information:  No
PI: No PI
Drive's write cache : Enabled
Drive's NCQ setting : Enabled
Port-0 :
Port status: Active
Port's Linkspeed: 12.0Gb/s 
Drive has flagged a S.M.A.R.T alert : No



Enclosure Device ID: 0
Slot Number: 8
Drive's postion: DiskGroup: 0, Span: 0, Arm: 8
Enclosure position: 0
Device Id: 12
WWN: 5000cca222dda3ee
Sequence Number: 2
Media Error Count: 0
Other Error Count: 0
Predictive Failure Count: 0
Last Predictive Failure Event Seq Number: 0
PD Type: SATA
Raw Size: 1.819 TB [0xe8e088b0 Sectors]
Non Coerced Size: 1.818 TB [0xe8d088b0 Sectors]
Coerced Size: 1.818 TB [0xe8d00000 Sectors]
Firmware state: Online, Spun Up
Commissioned Spare : No
Device Firmware Level: A3MA
Shield Counter: 0
Successful diagnostics completion on :  N/A
SAS Address(0): 0x5003048017b28348
Connected Port Number: 0(path0) 
Inquiry Data:       JK11A5B8J36AMXHitachi HDS722020ALA330                 JKAOA3MA
FDE Enable: Disable
Secured: Unsecured
Locked: Unlocked
Needs EKM Attention: No
Foreign State: None 
Device Speed: 3.0Gb/s 
Link Speed: 12.0Gb/s 
Media Type: Hard Disk Device
Drive Temperature :32C (89.60 F)
PI Eligibility:  No 
Drive is formatted for PI information:  No
PI: No PI
Drive's write cache : Enabled
Drive's NCQ setting : Enabled
Port-0 :
Port status: Active
Port's Linkspeed: 12.0Gb/s 
Drive has flagged a S.M.A.R.T alert : No



Enclosure Device ID: 0
Slot Number: 9
Drive's postion: DiskGroup: 0, Span: 0, Arm: 9
Enclosure position: 0
Device Id: 10
WWN: 5000cca222dda7d2
Sequence Number: 2
Media Error Count: 0
Other Error Count: 0
Predictive Failure Count: 0
Last Predictive Failure Event Seq Number: 0
PD Type: SATA
Raw Size: 1.819 TB [0xe8e088b0 Sectors]
Non Coerced Size: 1.818 TB [0xe8d088b0 Sectors]
Coerced Size: 1.818 TB [0xe8d00000 Sectors]
Firmware state: Online, Spun Up
Commissioned Spare : No
Device Firmware Level: A3MA
Shield Counter: 0
Successful diagnostics completion on :  N/A
SAS Address(0): 0x5003048017b28349
Connected Port Number: 0(path0) 
Inquiry Data:       JK11A5B8J37BSXHitachi HDS722020ALA330                 JKAOA3MA
FDE Enable: Disable
Secured: Unsecured
Locked: Unlocked
Needs EKM Attention: No
Foreign State: None 
Device Speed: 3.0Gb/s 
Link Speed: 12.0Gb/s 
Media Type: Hard Disk Device
Drive Temperature :30C (86.00 F)
PI Eligibility:  No 
Drive is formatted for PI information:  No
PI: No PI
Drive's write cache : Enabled
Drive's NCQ setting : Enabled
Port-0 :
Port status: Active
Port's Linkspeed: 12.0Gb/s 
Drive has flagged a S.M.A.R.T alert : No



Enclosure Device ID: 0
Slot Number: 10
Drive's postion: DiskGroup: 0, Span: 0, Arm: 10
Enclosure position: 0
Device Id: 8
WWN: 50024e9004988c63
Sequence Number: 2
Media Error Count: 0
Other Error Count: 0
Predictive Failure Count: 0
Last Predictive Failure Event Seq Number: 0
PD Type: SATA
Raw Size: 1.819 TB [0xe8e088b0 Sectors]
Non Coerced Size: 1.818 TB [0xe8d088b0 Sectors]
Coerced Size: 1.818 TB [0xe8d00000 Sectors]
Firmware state: Online, Spun Up
Commissioned Spare : No
Device Firmware Level: 0001
Shield Counter: 0
Successful diagnostics completion on :  N/A
SAS Address(0): 0x5003048017b2834a
Connected Port Number: 0(path0) 
Inquiry Data: S2H7JD1B113002      SAMSUNG HD204UI                         1AQ10001
FDE Enable: Disable
Secured: Unsecured
Locked: Unlocked
Needs EKM Attention: No
Foreign State: None 
Device Speed: 3.0Gb/s 
Link Speed: 12.0Gb/s 
Media Type: Hard Disk Device
Drive Temperature :24C (75.20 F)
PI Eligibility:  No 
Drive is formatted for PI information:  No
PI: No PI
Drive's write cache : Enabled
Drive's NCQ setting : Enabled
Port-0 :
Port status: Active
Port's Linkspeed: 12.0Gb/s 
Drive has flagged a S.M.A.R.T alert : No



Enclosure Device ID: 0
Slot Number: 11
Drive's postion: DiskGroup: 0, Span: 0, Arm: 11
Enclosure position: 0
Device Id: 9
WWN: 5000cca222e6376f
Sequence Number: 2
Media Error Count: 0
Other Error Count: 0
Predictive Failure Count: 0
Last Predictive Failure Event Seq Number: 0
PD Type: SATA
Raw Size: 1.819 TB [0xe8e088b0 Sectors]
Non Coerced Size: 1.818 TB [0xe8d088b0 Sectors]
Coerced Size: 1.818 TB [0xe8d00000 Sectors]
Firmware state: Online, Spun Up
Commissioned Spare : No
Device Firmware Level: A3MA
Shield Counter: 0
Successful diagnostics completion on :  N/A
SAS Address(0): 0x5003048017b2834b
Connected Port Number: 0(path0) 
Inquiry Data:       JK11A4B8JR267WHitachi HDS722020ALA330                 JKAOA3MA
FDE Enable: Disable
Secured: Unsecured
Locked: Unlocked
Needs EKM Attention: No
Foreign State: None 
Device Speed: 3.0Gb/s 
Link Speed: 12.0Gb/s 
Media Type: Hard Disk Device
Drive Temperature :29C (84.20 F)
PI Eligibility:  No 
Drive is formatted for PI information:  No
PI: No PI
Drive's write cache : Enabled
Drive's NCQ setting : Enabled
Port-0 :
Port status: Active
Port's Linkspeed: 12.0Gb/s 
Drive has flagged a S.M.A.R.T alert : No



Enclosure Device ID: 0
Slot Number: 12
Drive's postion: DiskGroup: 0, Span: 0, Arm: 12
Enclosure position: 0
Device Id: 14
WWN: 5000cca222e01fef
Sequence Number: 2
Media Error Count: 0
Other Error Count: 0
Predictive Failure Count: 0
Last Predictive Failure Event Seq Number: 0
PD Type: SATA
Raw Size: 1.819 TB [0xe8e088b0 Sectors]
Non Coerced Size: 1.818 TB [0xe8d088b0 Sectors]
Coerced Size: 1.818 TB [0xe8d00000 Sectors]
Firmware state: Online, Spun Up
Commissioned Spare : No
Device Firmware Level: A3MA
Shield Counter: 0
Successful diagnostics completion on :  N/A
SAS Address(0): 0x5003048017b2835c
Connected Port Number: 0(path0) 
Inquiry Data:       JK11A4B8J8NSTWHitachi HDS722020ALA330                 JKAOA3MA
FDE Enable: Disable
Secured: Unsecured
Locked: Unlocked
Needs EKM Attention: No
Foreign State: None 
Device Speed: 3.0Gb/s 
Link Speed: 12.0Gb/s 
Media Type: Hard Disk Device
Drive Temperature :32C (89.60 F)
PI Eligibility:  No 
Drive is formatted for PI information:  No
PI: No PI
Drive's write cache : Enabled
Drive's NCQ setting : Enabled
Port-0 :
Port status: Active
Port's Linkspeed: 12.0Gb/s 
Drive has flagged a S.M.A.R.T alert : No



Enclosure Device ID: 0
Slot Number: 13
Drive's postion: DiskGroup: 0, Span: 0, Arm: 13
Enclosure position: 0
Device Id: 16
WWN: 5000cca222dc846b
Sequence Number: 2
Media Error Count: 0
Other Error Count: 0
Predictive Failure Count: 0
Last Predictive Failure Event Seq Number: 0
PD Type: SATA
Raw Size: 1.819 TB [0xe8e088b0 Sectors]
Non Coerced Size: 1.818 TB [0xe8d088b0 Sectors]
Coerced Size: 1.818 TB [0xe8d00000 Sectors]
Firmware state: Online, Spun Up
Commissioned Spare : No
Device Firmware Level: A3MA
Shield Counter: 0
Successful diagnostics completion on :  N/A
SAS Address(0): 0x5003048017b2835d
Connected Port Number: 0(path0) 
Inquiry Data:       JK11A5B8J0RSAXHitachi HDS722020ALA330                 JKAOA3MA
FDE Enable: Disable
Secured: Unsecured
Locked: Unlocked
Needs EKM Attention: No
Foreign State: None 
Device Speed: 3.0Gb/s 
Link Speed: 12.0Gb/s 
Media Type: Hard Disk Device
Drive Temperature :31C (87.80 F)
PI Eligibility:  No 
Drive is formatted for PI information:  No
PI: No PI
Drive's write cache : Enabled
Drive's NCQ setting : Enabled
Port-0 :
Port status: Active
Port's Linkspeed: 12.0Gb/s 
Drive has flagged a S.M.A.R.T alert : No



Enclosure Device ID: 0
Slot Number: 14
Drive's postion: DiskGroup: 0, Span: 0, Arm: 14
Enclosure position: 0
Device Id: 15
WWN: 5000cca222dc2ffd
Sequence Number: 2
Media Error Count: 0
Other Error Count: 0
Predictive Failure Count: 0
Last Predictive Failure Event Seq Number: 0
PD Type: SATA
Raw Size: 1.819 TB [0xe8e088b0 Sectors]
Non Coerced Size: 1.818 TB [0xe8d088b0 Sectors]
Coerced Size: 1.818 TB [0xe8d00000 Sectors]
Firmware state: Online, Spun Up
Commissioned Spare : No
Device Firmware Level: A3MA
Shield Counter: 0
Successful diagnostics completion on :  N/A
SAS Address(0): 0x5003048017b2835e
Connected Port Number: 0(path0) 
Inquiry Data:       JK11A5B8J0083XHitachi HDS722020ALA330                 JKAOA3MA
FDE Enable: Disable
Secured: Unsecured
Locked: Unlocked
Needs EKM Attention: No
Foreign State: None 
Device Speed: 3.0Gb/s 
Link Speed: 12.0Gb/s 
Media Type: Hard Disk Device
Drive Temperature :32C (89.60 F)
PI Eligibility:  No 
Drive is formatted for PI information:  No
PI: No PI
Drive's write cache : Enabled
Drive's NCQ setting : Enabled
Port-0 :
Port status: Active
Port's Linkspeed: 12.0Gb/s 
Drive has flagged a S.M.A.R.T alert : No



Enclosure Device ID: 0
Slot Number: 15
Drive's postion: DiskGroup: 0, Span: 0, Arm: 15
Enclosure position: 0
Device Id: 17
WWN: 5000cca222e63d67
Sequence Number: 2
Media Error Count: 0
Other Error Count: 0
Predictive Failure Count: 0
Last Predictive Failure Event Seq Number: 0
PD Type: SATA
Raw Size: 1.819 TB [0xe8e088b0 Sectors]
Non Coerced Size: 1.818 TB [0xe8d088b0 Sectors]
Coerced Size: 1.818 TB [0xe8d00000 Sectors]
Firmware state: Online, Spun Up
Commissioned Spare : No
Device Firmware Level: A3MA
Shield Counter: 0
Successful diagnostics completion on :  N/A
SAS Address(0): 0x5003048017b2835f
Connected Port Number: 0(path0) 
Inquiry Data:       JK11A4B8JR3TJWHitachi HDS722020ALA330                 JKAOA3MA
FDE Enable: Disable
Secured: Unsecured
Locked: Unlocked
Needs EKM Attention: No
Foreign State: None 
Device Speed: 3.0Gb/s 
Link Speed: 12.0Gb/s 
Media Type: Hard Disk Device
Drive Temperature :30C (86.00 F)
PI Eligibility:  No 
Drive is formatted for PI information:  No
PI: No PI
Drive's write cache : Enabled
Drive's NCQ setting : Enabled
Port-0 :
Port status: Active
Port's Linkspeed: 12.0Gb/s 
Drive has flagged a S.M.A.R.T alert : No



Enclosure Device ID: 0
Slot Number: 16
Drive's postion: DiskGroup: 0, Span: 0, Arm: 16
Enclosure position: 0
Device Id: 18
WWN: 5000cca222dda810
Sequence Number: 2
Media Error Count: 0
Other Error Count: 0
Predictive Failure Count: 0
Last Predictive Failure Event Seq Number: 0
PD Type: SATA
Raw Size: 1.819 TB [0xe8e088b0 Sectors]
Non Coerced Size: 1.818 TB [0xe8d088b0 Sectors]
Coerced Size: 1.818 TB [0xe8d00000 Sectors]
Firmware state: Online, Spun Up
Commissioned Spare : No
Device Firmware Level: A3MA
Shield Counter: 0
Successful diagnostics completion on :  N/A
SAS Address(0): 0x5003048017b28360
Connected Port Number: 0(path0) 
Inquiry Data:       JK11A5B8J37ESXHitachi HDS722020ALA330                 JKAOA3MA
FDE Enable: Disable
Secured: Unsecured
Locked: Unlocked
Needs EKM Attention: No
Foreign State: None 
Device Speed: 3.0Gb/s 
Link Speed: 12.0Gb/s 
Media Type: Hard Disk Device
Drive Temperature :29C (84.20 F)
PI Eligibility:  No 
Drive is formatted for PI information:  No
PI: No PI
Drive's write cache : Enabled
Drive's NCQ setting : Enabled
Port-0 :
Port status: Active
Port's Linkspeed: 12.0Gb/s 
Drive has flagged a S.M.A.R.T alert : No



Enclosure Device ID: 0
Slot Number: 17
Enclosure position: 0
Device Id: 19
WWN: 5000cca222dda7cd
Sequence Number: 8
Media Error Count: 157
Other Error Count: 6
Predictive Failure Count: 0
Last Predictive Failure Event Seq Number: 0
PD Type: SATA
Raw Size: 1.819 TB [0xe8e088b0 Sectors]
Non Coerced Size: 1.818 TB [0xe8d088b0 Sectors]
Coerced Size: 1.818 TB [0xe8d00000 Sectors]
Firmware state: Unconfigured(bad)
Device Firmware Level: A3MA
Shield Counter: 1
Successful diagnostics completion on (MM-DD-YYYY):  6-9-2018  3:10:0
SAS Address(0): 0x5003048017b28361
Connected Port Number: 0(path0) 
Inquiry Data: ATA     Hitachi HDS72202A3MA      JK11A5B8J37BLX
FDE Enable: Disable
Secured: Unsecured
Locked: Unlocked
Needs EKM Attention: No
Foreign State: None 
Device Speed: 3.0Gb/s 
Link Speed: 12.0Gb/s 
Media Type: Hard Disk Device
Drive Temperature :29C (84.20 F)
PI Eligibility:  No 
Drive is formatted for PI information:  No
PI: No PI
Drive's write cache : Enabled
Drive's NCQ setting : Enabled
Port-0 :
Port status: Active
Port's Linkspeed: 12.0Gb/s 
Drive has flagged a S.M.A.R.T alert : No



Enclosure Device ID: 0
Slot Number: 18
Drive's postion: DiskGroup: 0, Span: 0, Arm: 18
Enclosure position: 0
Device Id: 23
WWN: 50024e9004cfce3f
Sequence Number: 2
Media Error Count: 0
Other Error Count: 0
Predictive Failure Count: 0
Last Predictive Failure Event Seq Number: 0
PD Type: SATA
Raw Size: 1.819 TB [0xe8e088b0 Sectors]
Non Coerced Size: 1.818 TB [0xe8d088b0 Sectors]
Coerced Size: 1.818 TB [0xe8d00000 Sectors]
Firmware state: Online, Spun Up
Commissioned Spare : No
Device Firmware Level: 0001
Shield Counter: 0
Successful diagnostics completion on :  N/A
SAS Address(0): 0x5003048017b28362
Connected Port Number: 0(path0) 
Inquiry Data: S2H7JD2B403709      SAMSUNG HD204UI                         1AQ10001
FDE Enable: Disable
Secured: Unsecured
Locked: Unlocked
Needs EKM Attention: No
Foreign State: None 
Device Speed: 3.0Gb/s 
Link Speed: 12.0Gb/s 
Media Type: Hard Disk Device
Drive Temperature :25C (77.00 F)
PI Eligibility:  No 
Drive is formatted for PI information:  No
PI: No PI
Drive's write cache : Enabled
Drive's NCQ setting : Enabled
Port-0 :
Port status: Active
Port's Linkspeed: 12.0Gb/s 
Drive has flagged a S.M.A.R.T alert : No



Enclosure Device ID: 0
Slot Number: 19
Drive's postion: DiskGroup: 0, Span: 0, Arm: 19
Enclosure position: 0
Device Id: 24
WWN: 5000cca222dc83be
Sequence Number: 2
Media Error Count: 0
Other Error Count: 0
Predictive Failure Count: 0
Last Predictive Failure Event Seq Number: 0
PD Type: SATA
Raw Size: 1.819 TB [0xe8e088b0 Sectors]
Non Coerced Size: 1.818 TB [0xe8d088b0 Sectors]
Coerced Size: 1.818 TB [0xe8d00000 Sectors]
Firmware state: Online, Spun Up
Commissioned Spare : No
Device Firmware Level: A3MA
Shield Counter: 0
Successful diagnostics completion on :  N/A
SAS Address(0): 0x5003048017b28363
Connected Port Number: 0(path0) 
Inquiry Data:       JK11A5B8J0RKSXHitachi HDS722020ALA330                 JKAOA3MA
FDE Enable: Disable
Secured: Unsecured
Locked: Unlocked
Needs EKM Attention: No
Foreign State: None 
Device Speed: 3.0Gb/s 
Link Speed: 12.0Gb/s 
Media Type: Hard Disk Device
Drive Temperature :30C (86.00 F)
PI Eligibility:  No 
Drive is formatted for PI information:  No
PI: No PI
Drive's write cache : Enabled
Drive's NCQ setting : Enabled
Port-0 :
Port status: Active
Port's Linkspeed: 12.0Gb/s 
Drive has flagged a S.M.A.R.T alert : No



Enclosure Device ID: 0
Slot Number: 20
Enclosure position: 0
Device Id: 25
WWN: 5000cca222dda887
Sequence Number: 2
Media Error Count: 0
Other Error Count: 0
Predictive Failure Count: 0
Last Predictive Failure Event Seq Number: 0
PD Type: SATAHotspare Information: 
Type: Global, is revertible


Raw Size: 1.819 TB [0xe8e088b0 Sectors]
Non Coerced Size: 1.818 TB [0xe8d088b0 Sectors]
Coerced Size: 1.818 TB [0xe8d00000 Sectors]
Firmware state: Hotspare, Spun down
Emergency Spare    : Eligible
Device Firmware Level: A3MA
Shield Counter: 0
Successful diagnostics completion on :  N/A
SAS Address(0): 0x5003048017b28364
Connected Port Number: 0(path0) 
Inquiry Data:       JK11A5B8J37KLXHitachi HDS722020ALA330                 JKAOA3MAHotspare Information: 
Type: Global, is revertible


FDE Enable: Disable
Secured: Unsecured
Locked: Unlocked
Needs EKM Attention: No
Foreign State: None 
Device Speed: 3.0Gb/s 
Link Speed: 12.0Gb/s 
Media Type: Hard Disk Device
Drive Temperature :31C (87.80 F)
PI Eligibility:  No 
Drive is formatted for PI information:  No
PI: No PI
Drive's write cache : Enabled
Drive's NCQ setting : Enabled
Port-0 :
Port status: Active
Port's Linkspeed: 12.0Gb/s 
Drive has flagged a S.M.A.R.T alert : No


Hotspare Information: 
Type: Global, is revertible


Enclosure Device ID: 0
Slot Number: 21
Drive's postion: DiskGroup: 0, Span: 0, Arm: 17
Enclosure position: 0
Device Id: 21
WWN: 50024e9004cfcd63
Sequence Number: 4
Media Error Count: 0
Other Error Count: 0
Predictive Failure Count: 0
Last Predictive Failure Event Seq Number: 0
PD Type: SATA
Raw Size: 1.819 TB [0xe8e088b0 Sectors]
Non Coerced Size: 1.818 TB [0xe8d088b0 Sectors]
Coerced Size: 1.818 TB [0xe8d00000 Sectors]
Firmware state: Online, Spun Up
Commissioned Spare : Yes
Device Firmware Level: 0001
Shield Counter: 0
Successful diagnostics completion on :  N/A
SAS Address(0): 0x5003048017b28365
Connected Port Number: 0(path0) 
Inquiry Data: S2H7JD2B403627      SAMSUNG HD204UI                         1AQ10001
FDE Enable: Disable
Secured: Unsecured
Locked: Unlocked
Needs EKM Attention: No
Foreign State: None 
Device Speed: 3.0Gb/s 
Link Speed: 12.0Gb/s 
Media Type: Hard Disk Device
Drive Temperature :24C (75.20 F)
PI Eligibility:  No 
Drive is formatted for PI information:  No
PI: No PI
Drive's write cache : Enabled
Drive's NCQ setting : Enabled
Port-0 :
Port status: Active
Port's Linkspeed: 12.0Gb/s 
Drive has flagged a S.M.A.R.T alert : No




Exit Code: 0x00
Adapter #0

Enclosure Device ID: 0
Slot Number: 0
Drive's postion: DiskGroup: 0, Span: 0, Arm: 0
Enclosure position: 0
Device Id: 2
WWN: 5000cca222e64925
Sequence Number: 2
Media Error Count: 0
Other Error Count: 0
Predictive Failure Count: 0
Last Predictive Failure Event Seq Number: 0
PD Type: SATA
Raw Size: 1.819 TB [0xe8e088b0 Sectors]
Non Coerced Size: 1.818 TB [0xe8d088b0 Sectors]
Coerced Size: 1.818 TB [0xe8d00000 Sectors]
Firmware state: Online, Spun Up
Commissioned Spare : No
Device Firmware Level: A3MA
Shield Counter: 0
Successful diagnostics completion on :  N/A
SAS Address(0): 0x5003048017b28340
Connected Port Number: 0(path0) 
Inquiry Data:       JK11A4B8JR6XHWHitachi HDS722020ALA330                 JKAOA3MA
FDE Enable: Disable
Secured: Unsecured
Locked: Unlocked
Needs EKM Attention: No
Foreign State: None 
Device Speed: 3.0Gb/s 
Link Speed: 12.0Gb/s 
Media Type: Hard Disk Device
Drive Temperature :31C (87.80 F)
PI Eligibility:  No 
Drive is formatted for PI information:  No
PI: No PI
Drive's write cache : Enabled
Drive's NCQ setting : Enabled
Port-0 :
Port status: Active
Port's Linkspeed: 12.0Gb/s 
Drive has flagged a S.M.A.R.T alert : No



Enclosure Device ID: 0
Slot Number: 1
Drive's postion: DiskGroup: 0, Span: 0, Arm: 1
Enclosure position: 0
Device Id: 4
WWN: 5000cca222dc83df
Sequence Number: 2
Media Error Count: 0
Other Error Count: 0
Predictive Failure Count: 0
Last Predictive Failure Event Seq Number: 0
PD Type: SATA
Raw Size: 1.819 TB [0xe8e088b0 Sectors]
Non Coerced Size: 1.818 TB [0xe8d088b0 Sectors]
Coerced Size: 1.818 TB [0xe8d00000 Sectors]
Firmware state: Online, Spun Up
Commissioned Spare : No
Device Firmware Level: A3MA
Shield Counter: 0
Successful diagnostics completion on :  N/A
SAS Address(0): 0x5003048017b28341
Connected Port Number: 0(path0) 
Inquiry Data:       JK11A5B8J0RLUXHitachi HDS722020ALA330                 JKAOA3MA
FDE Enable: Disable
Secured: Unsecured
Locked: Unlocked
Needs EKM Attention: No
Foreign State: None 
Device Speed: 3.0Gb/s 
Link Speed: 12.0Gb/s 
Media Type: Hard Disk Device
Drive Temperature :31C (87.80 F)
PI Eligibility:  No 
Drive is formatted for PI information:  No
PI: No PI
Drive's write cache : Enabled
Drive's NCQ setting : Enabled
Port-0 :
Port status: Active
Port's Linkspeed: 12.0Gb/s 
Drive has flagged a S.M.A.R.T alert : No



Enclosure Device ID: 0
Slot Number: 2
Drive's postion: DiskGroup: 0, Span: 0, Arm: 2
Enclosure position: 0
Device Id: 3
WWN: 5000cca222e6373d
Sequence Number: 2
Media Error Count: 0
Other Error Count: 0
Predictive Failure Count: 0
Last Predictive Failure Event Seq Number: 0
PD Type: SATA
Raw Size: 1.819 TB [0xe8e088b0 Sectors]
Non Coerced Size: 1.818 TB [0xe8d088b0 Sectors]
Coerced Size: 1.818 TB [0xe8d00000 Sectors]
Firmware state: Online, Spun Up
Commissioned Spare : No
Device Firmware Level: A3MA
Shield Counter: 0
Successful diagnostics completion on :  N/A
SAS Address(0): 0x5003048017b28342
Connected Port Number: 0(path0) 
Inquiry Data:       JK11A4B8JR24MWHitachi HDS722020ALA330                 JKAOA3MA
FDE Enable: Disable
Secured: Unsecured
Locked: Unlocked
Needs EKM Attention: No
Foreign State: None 
Device Speed: 3.0Gb/s 
Link Speed: 12.0Gb/s 
Media Type: Hard Disk Device
Drive Temperature :30C (86.00 F)
PI Eligibility:  No 
Drive is formatted for PI information:  No
PI: No PI
Drive's write cache : Enabled
Drive's NCQ setting : Enabled
Port-0 :
Port status: Active
Port's Linkspeed: 12.0Gb/s 
Drive has flagged a S.M.A.R.T alert : No



Enclosure Device ID: 0
Slot Number: 3
Drive's postion: DiskGroup: 0, Span: 0, Arm: 3
Enclosure position: 0
Device Id: 6
WWN: 50024e9004b1ae0b
Sequence Number: 2
Media Error Count: 0
Other Error Count: 0
Predictive Failure Count: 0
Last Predictive Failure Event Seq Number: 0
PD Type: SATA
Raw Size: 1.819 TB [0xe8e088b0 Sectors]
Non Coerced Size: 1.818 TB [0xe8d088b0 Sectors]
Coerced Size: 1.818 TB [0xe8d00000 Sectors]
Firmware state: Online, Spun Up
Commissioned Spare : No
Device Firmware Level: 0001
Shield Counter: 0
Successful diagnostics completion on :  N/A
SAS Address(0): 0x5003048017b28343
Connected Port Number: 0(path0) 
Inquiry Data: S2H7JD1B220323      SAMSUNG HD204UI                         1AQ10001
FDE Enable: Disable
Secured: Unsecured
Locked: Unlocked
Needs EKM Attention: No
Foreign State: None 
Device Speed: 3.0Gb/s 
Link Speed: 12.0Gb/s 
Media Type: Hard Disk Device
Drive Temperature :24C (75.20 F)
PI Eligibility:  No 
Drive is formatted for PI information:  No
PI: No PI
Drive's write cache : Enabled
Drive's NCQ setting : Enabled
Port-0 :
Port status: Active
Port's Linkspeed: 12.0Gb/s 
Drive has flagged a S.M.A.R.T alert : No



Enclosure Device ID: 0
Slot Number: 4
Drive's postion: DiskGroup: 0, Span: 0, Arm: 4
Enclosure position: 0
Device Id: 5
WWN: 5000cca222dc83c6
Sequence Number: 2
Media Error Count: 0
Other Error Count: 0
Predictive Failure Count: 0
Last Predictive Failure Event Seq Number: 0
PD Type: SATA
Raw Size: 1.819 TB [0xe8e088b0 Sectors]
Non Coerced Size: 1.818 TB [0xe8d088b0 Sectors]
Coerced Size: 1.818 TB [0xe8d00000 Sectors]
Firmware state: Online, Spun Up
Commissioned Spare : No
Device Firmware Level: A3MA
Shield Counter: 0
Successful diagnostics completion on :  N/A
SAS Address(0): 0x5003048017b28344
Connected Port Number: 0(path0) 
Inquiry Data:       JK11A5B8J0RL0XHitachi HDS722020ALA330                 JKAOA3MA
FDE Enable: Disable
Secured: Unsecured
Locked: Unlocked
Needs EKM Attention: No
Foreign State: None 
Device Speed: 3.0Gb/s 
Link Speed: 12.0Gb/s 
Media Type: Hard Disk Device
Drive Temperature :30C (86.00 F)
PI Eligibility:  No 
Drive is formatted for PI information:  No
PI: No PI
Drive's write cache : Enabled
Drive's NCQ setting : Enabled
Port-0 :
Port status: Active
Port's Linkspeed: 12.0Gb/s 
Drive has flagged a S.M.A.R.T alert : No



Enclosure Device ID: 0
Slot Number: 5
Drive's postion: DiskGroup: 0, Span: 0, Arm: 5
Enclosure position: 0
Device Id: 7
WWN: 5000cca222e35597
Sequence Number: 2
Media Error Count: 0
Other Error Count: 0
Predictive Failure Count: 0
Last Predictive Failure Event Seq Number: 0
PD Type: SATA
Raw Size: 1.819 TB [0xe8e088b0 Sectors]
Non Coerced Size: 1.818 TB [0xe8d088b0 Sectors]
Coerced Size: 1.818 TB [0xe8d00000 Sectors]
Firmware state: Online, Spun Up
Commissioned Spare : No
Device Firmware Level: A3MA
Shield Counter: 0
Successful diagnostics completion on :  N/A
SAS Address(0): 0x5003048017b28345
Connected Port Number: 0(path0) 
Inquiry Data:       JK11A4B8JHRN2WHitachi HDS722020ALA330                 JKAOA3MA
FDE Enable: Disable
Secured: Unsecured
Locked: Unlocked
Needs EKM Attention: No
Foreign State: None 
Device Speed: 3.0Gb/s 
Link Speed: 12.0Gb/s 
Media Type: Hard Disk Device
Drive Temperature :29C (84.20 F)
PI Eligibility:  No 
Drive is formatted for PI information:  No
PI: No PI
Drive's write cache : Enabled
Drive's NCQ setting : Enabled
Port-0 :
Port status: Active
Port's Linkspeed: 12.0Gb/s 
Drive has flagged a S.M.A.R.T alert : No



Enclosure Device ID: 0
Slot Number: 6
Drive's postion: DiskGroup: 0, Span: 0, Arm: 6
Enclosure position: 0
Device Id: 13
WWN: 5000cca222e63801
Sequence Number: 2
Media Error Count: 0
Other Error Count: 0
Predictive Failure Count: 0
Last Predictive Failure Event Seq Number: 0
PD Type: SATA
Raw Size: 1.819 TB [0xe8e088b0 Sectors]
Non Coerced Size: 1.818 TB [0xe8d088b0 Sectors]
Coerced Size: 1.818 TB [0xe8d00000 Sectors]
Firmware state: Online, Spun Up
Commissioned Spare : No
Device Firmware Level: A3MA
Shield Counter: 0
Successful diagnostics completion on :  N/A
SAS Address(0): 0x5003048017b28346
Connected Port Number: 0(path0) 
Inquiry Data:       JK11A4B8JR2AYWHitachi HDS722020ALA330                 JKAOA3MA
FDE Enable: Disable
Secured: Unsecured
Locked: Unlocked
Needs EKM Attention: No
Foreign State: None 
Device Speed: 3.0Gb/s 
Link Speed: 12.0Gb/s 
Media Type: Hard Disk Device
Drive Temperature :32C (89.60 F)
PI Eligibility:  No 
Drive is formatted for PI information:  No
PI: No PI
Drive's write cache : Enabled
Drive's NCQ setting : Enabled
Port-0 :
Port status: Active
Port's Linkspeed: 12.0Gb/s 
Drive has flagged a S.M.A.R.T alert : No



Enclosure Device ID: 0
Slot Number: 7
Drive's postion: DiskGroup: 0, Span: 0, Arm: 7
Enclosure position: 0
Device Id: 11
WWN: 5000cca222e640e1
Sequence Number: 2
Media Error Count: 0
Other Error Count: 0
Predictive Failure Count: 0
Last Predictive Failure Event Seq Number: 0
PD Type: SATA
Raw Size: 1.819 TB [0xe8e088b0 Sectors]
Non Coerced Size: 1.818 TB [0xe8d088b0 Sectors]
Coerced Size: 1.818 TB [0xe8d00000 Sectors]
Firmware state: Online, Spun Up
Commissioned Spare : No
Device Firmware Level: A3MA
Shield Counter: 0
Successful diagnostics completion on :  N/A
SAS Address(0): 0x5003048017b28347
Connected Port Number: 0(path0) 
Inquiry Data:       JK11A4B8JR4R7WHitachi HDS722020ALA330                 JKAOA3MA
FDE Enable: Disable
Secured: Unsecured
Locked: Unlocked
Needs EKM Attention: No
Foreign State: None 
Device Speed: 3.0Gb/s 
Link Speed: 12.0Gb/s 
Media Type: Hard Disk Device
Drive Temperature :32C (89.60 F)
PI Eligibility:  No 
Drive is formatted for PI information:  No
PI: No PI
Drive's write cache : Enabled
Drive's NCQ setting : Enabled
Port-0 :
Port status: Active
Port's Linkspeed: 12.0Gb/s 
Drive has flagged a S.M.A.R.T alert : No



Enclosure Device ID: 0
Slot Number: 8
Drive's postion: DiskGroup: 0, Span: 0, Arm: 8
Enclosure position: 0
Device Id: 12
WWN: 5000cca222dda3ee
Sequence Number: 2
Media Error Count: 0
Other Error Count: 0
Predictive Failure Count: 0
Last Predictive Failure Event Seq Number: 0
PD Type: SATA
Raw Size: 1.819 TB [0xe8e088b0 Sectors]
Non Coerced Size: 1.818 TB [0xe8d088b0 Sectors]
Coerced Size: 1.818 TB [0xe8d00000 Sectors]
Firmware state: Online, Spun Up
Commissioned Spare : No
Device Firmware Level: A3MA
Shield Counter: 0
Successful diagnostics completion on :  N/A
SAS Address(0): 0x5003048017b28348
Connected Port Number: 0(path0) 
Inquiry Data:       JK11A5B8J36AMXHitachi HDS722020ALA330                 JKAOA3MA
FDE Enable: Disable
Secured: Unsecured
Locked: Unlocked
Needs EKM Attention: No
Foreign State: None 
Device Speed: 3.0Gb/s 
Link Speed: 12.0Gb/s 
Media Type: Hard Disk Device
Drive Temperature :32C (89.60 F)
PI Eligibility:  No 
Drive is formatted for PI information:  No
PI: No PI
Drive's write cache : Enabled
Drive's NCQ setting : Enabled
Port-0 :
Port status: Active
Port's Linkspeed: 12.0Gb/s 
Drive has flagged a S.M.A.R.T alert : No



Enclosure Device ID: 0
Slot Number: 9
Drive's postion: DiskGroup: 0, Span: 0, Arm: 9
Enclosure position: 0
Device Id: 10
WWN: 5000cca222dda7d2
Sequence Number: 2
Media Error Count: 0
Other Error Count: 0
Predictive Failure Count: 0
Last Predictive Failure Event Seq Number: 0
PD Type: SATA
Raw Size: 1.819 TB [0xe8e088b0 Sectors]
Non Coerced Size: 1.818 TB [0xe8d088b0 Sectors]
Coerced Size: 1.818 TB [0xe8d00000 Sectors]
Firmware state: Online, Spun Up
Commissioned Spare : No
Device Firmware Level: A3MA
Shield Counter: 0
Successful diagnostics completion on :  N/A
SAS Address(0): 0x5003048017b28349
Connected Port Number: 0(path0) 
Inquiry Data:       JK11A5B8J37BSXHitachi HDS722020ALA330                 JKAOA3MA
FDE Enable: Disable
Secured: Unsecured
Locked: Unlocked
Needs EKM Attention: No
Foreign State: None 
Device Speed: 3.0Gb/s 
Link Speed: 12.0Gb/s 
Media Type: Hard Disk Device
Drive Temperature :30C (86.00 F)
PI Eligibility:  No 
Drive is formatted for PI information:  No
PI: No PI
Drive's write cache : Enabled
Drive's NCQ setting : Enabled
Port-0 :
Port status: Active
Port's Linkspeed: 12.0Gb/s 
Drive has flagged a S.M.A.R.T alert : No



Enclosure Device ID: 0
Slot Number: 10
Drive's postion: DiskGroup: 0, Span: 0, Arm: 10
Enclosure position: 0
Device Id: 8
WWN: 50024e9004988c63
Sequence Number: 2
Media Error Count: 0
Other Error Count: 0
Predictive Failure Count: 0
Last Predictive Failure Event Seq Number: 0
PD Type: SATA
Raw Size: 1.819 TB [0xe8e088b0 Sectors]
Non Coerced Size: 1.818 TB [0xe8d088b0 Sectors]
Coerced Size: 1.818 TB [0xe8d00000 Sectors]
Firmware state: Online, Spun Up
Commissioned Spare : No
Device Firmware Level: 0001
Shield Counter: 0
Successful diagnostics completion on :  N/A
SAS Address(0): 0x5003048017b2834a
Connected Port Number: 0(path0) 
Inquiry Data: S2H7JD1B113002      SAMSUNG HD204UI                         1AQ10001
FDE Enable: Disable
Secured: Unsecured
Locked: Unlocked
Needs EKM Attention: No
Foreign State: None 
Device Speed: 3.0Gb/s 
Link Speed: 12.0Gb/s 
Media Type: Hard Disk Device
Drive Temperature :24C (75.20 F)
PI Eligibility:  No 
Drive is formatted for PI information:  No
PI: No PI
Drive's write cache : Enabled
Drive's NCQ setting : Enabled
Port-0 :
Port status: Active
Port's Linkspeed: 12.0Gb/s 
Drive has flagged a S.M.A.R.T alert : No



Enclosure Device ID: 0
Slot Number: 11
Drive's postion: DiskGroup: 0, Span: 0, Arm: 11
Enclosure position: 0
Device Id: 9
WWN: 5000cca222e6376f
Sequence Number: 2
Media Error Count: 0
Other Error Count: 0
Predictive Failure Count: 0
Last Predictive Failure Event Seq Number: 0
PD Type: SATA
Raw Size: 1.819 TB [0xe8e088b0 Sectors]
Non Coerced Size: 1.818 TB [0xe8d088b0 Sectors]
Coerced Size: 1.818 TB [0xe8d00000 Sectors]
Firmware state: Online, Spun Up
Commissioned Spare : No
Device Firmware Level: A3MA
Shield Counter: 0
Successful diagnostics completion on :  N/A
SAS Address(0): 0x5003048017b2834b
Connected Port Number: 0(path0) 
Inquiry Data:       JK11A4B8JR267WHitachi HDS722020ALA330                 JKAOA3MA
FDE Enable: Disable
Secured: Unsecured
Locked: Unlocked
Needs EKM Attention: No
Foreign State: None 
Device Speed: 3.0Gb/s 
Link Speed: 12.0Gb/s 
Media Type: Hard Disk Device
Drive Temperature :29C (84.20 F)
PI Eligibility:  No 
Drive is formatted for PI information:  No
PI: No PI
Drive's write cache : Enabled
Drive's NCQ setting : Enabled
Port-0 :
Port status: Active
Port's Linkspeed: 12.0Gb/s 
Drive has flagged a S.M.A.R.T alert : No



Enclosure Device ID: 0
Slot Number: 12
Drive's postion: DiskGroup: 0, Span: 0, Arm: 12
Enclosure position: 0
Device Id: 14
WWN: 5000cca222e01fef
Sequence Number: 2
Media Error Count: 0
Other Error Count: 0
Predictive Failure Count: 0
Last Predictive Failure Event Seq Number: 0
PD Type: SATA
Raw Size: 1.819 TB [0xe8e088b0 Sectors]
Non Coerced Size: 1.818 TB [0xe8d088b0 Sectors]
Coerced Size: 1.818 TB [0xe8d00000 Sectors]
Firmware state: Online, Spun Up
Commissioned Spare : No
Device Firmware Level: A3MA
Shield Counter: 0
Successful diagnostics completion on :  N/A
SAS Address(0): 0x5003048017b2835c
Connected Port Number: 0(path0) 
Inquiry Data:       JK11A4B8J8NSTWHitachi HDS722020ALA330                 JKAOA3MA
FDE Enable: Disable
Secured: Unsecured
Locked: Unlocked
Needs EKM Attention: No
Foreign State: None 
Device Speed: 3.0Gb/s 
Link Speed: 12.0Gb/s 
Media Type: Hard Disk Device
Drive Temperature :32C (89.60 F)
PI Eligibility:  No 
Drive is formatted for PI information:  No
PI: No PI
Drive's write cache : Enabled
Drive's NCQ setting : Enabled
Port-0 :
Port status: Active
Port's Linkspeed: 12.0Gb/s 
Drive has flagged a S.M.A.R.T alert : No



Enclosure Device ID: 0
Slot Number: 13
Drive's postion: DiskGroup: 0, Span: 0, Arm: 13
Enclosure position: 0
Device Id: 16
WWN: 5000cca222dc846b
Sequence Number: 2
Media Error Count: 0
Other Error Count: 0
Predictive Failure Count: 0
Last Predictive Failure Event Seq Number: 0
PD Type: SATA
Raw Size: 1.819 TB [0xe8e088b0 Sectors]
Non Coerced Size: 1.818 TB [0xe8d088b0 Sectors]
Coerced Size: 1.818 TB [0xe8d00000 Sectors]
Firmware state: Online, Spun Up
Commissioned Spare : No
Device Firmware Level: A3MA
Shield Counter: 0
Successful diagnostics completion on :  N/A
SAS Address(0): 0x5003048017b2835d
Connected Port Number: 0(path0) 
Inquiry Data:       JK11A5B8J0RSAXHitachi HDS722020ALA330                 JKAOA3MA
FDE Enable: Disable
Secured: Unsecured
Locked: Unlocked
Needs EKM Attention: No
Foreign State: None 
Device Speed: 3.0Gb/s 
Link Speed: 12.0Gb/s 
Media Type: Hard Disk Device
Drive Temperature :31C (87.80 F)
PI Eligibility:  No 
Drive is formatted for PI information:  No
PI: No PI
Drive's write cache : Enabled
Drive's NCQ setting : Enabled
Port-0 :
Port status: Active
Port's Linkspeed: 12.0Gb/s 
Drive has flagged a S.M.A.R.T alert : No



Enclosure Device ID: 0
Slot Number: 14
Drive's postion: DiskGroup: 0, Span: 0, Arm: 14
Enclosure position: 0
Device Id: 15
WWN: 5000cca222dc2ffd
Sequence Number: 2
Media Error Count: 0
Other Error Count: 0
Predictive Failure Count: 0
Last Predictive Failure Event Seq Number: 0
PD Type: SATA
Raw Size: 1.819 TB [0xe8e088b0 Sectors]
Non Coerced Size: 1.818 TB [0xe8d088b0 Sectors]
Coerced Size: 1.818 TB [0xe8d00000 Sectors]
Firmware state: Online, Spun Up
Commissioned Spare : No
Device Firmware Level: A3MA
Shield Counter: 0
Successful diagnostics completion on :  N/A
SAS Address(0): 0x5003048017b2835e
Connected Port Number: 0(path0) 
Inquiry Data:       JK11A5B8J0083XHitachi HDS722020ALA330                 JKAOA3MA
FDE Enable: Disable
Secured: Unsecured
Locked: Unlocked
Needs EKM Attention: No
Foreign State: None 
Device Speed: 3.0Gb/s 
Link Speed: 12.0Gb/s 
Media Type: Hard Disk Device
Drive Temperature :32C (89.60 F)
PI Eligibility:  No 
Drive is formatted for PI information:  No
PI: No PI
Drive's write cache : Enabled
Drive's NCQ setting : Enabled
Port-0 :
Port status: Active
Port's Linkspeed: 12.0Gb/s 
Drive has flagged a S.M.A.R.T alert : No



Enclosure Device ID: 0
Slot Number: 15
Drive's postion: DiskGroup: 0, Span: 0, Arm: 15
Enclosure position: 0
Device Id: 17
WWN: 5000cca222e63d67
Sequence Number: 2
Media Error Count: 0
Other Error Count: 0
Predictive Failure Count: 0
Last Predictive Failure Event Seq Number: 0
PD Type: SATA
Raw Size: 1.819 TB [0xe8e088b0 Sectors]
Non Coerced Size: 1.818 TB [0xe8d088b0 Sectors]
Coerced Size: 1.818 TB [0xe8d00000 Sectors]
Firmware state: Online, Spun Up
Commissioned Spare : No
Device Firmware Level: A3MA
Shield Counter: 0
Successful diagnostics completion on :  N/A
SAS Address(0): 0x5003048017b2835f
Connected Port Number: 0(path0) 
Inquiry Data:       JK11A4B8JR3TJWHitachi HDS722020ALA330                 JKAOA3MA
FDE Enable: Disable
Secured: Unsecured
Locked: Unlocked
Needs EKM Attention: No
Foreign State: None 
Device Speed: 3.0Gb/s 
Link Speed: 12.0Gb/s 
Media Type: Hard Disk Device
Drive Temperature :30C (86.00 F)
PI Eligibility:  No 
Drive is formatted for PI information:  No
PI: No PI
Drive's write cache : Enabled
Drive's NCQ setting : Enabled
Port-0 :
Port status: Active
Port's Linkspeed: 12.0Gb/s 
Drive has flagged a S.M.A.R.T alert : No



Enclosure Device ID: 0
Slot Number: 16
Drive's postion: DiskGroup: 0, Span: 0, Arm: 16
Enclosure position: 0
Device Id: 18
WWN: 5000cca222dda810
Sequence Number: 2
Media Error Count: 0
Other Error Count: 0
Predictive Failure Count: 0
Last Predictive Failure Event Seq Number: 0
PD Type: SATA
Raw Size: 1.819 TB [0xe8e088b0 Sectors]
Non Coerced Size: 1.818 TB [0xe8d088b0 Sectors]
Coerced Size: 1.818 TB [0xe8d00000 Sectors]
Firmware state: Online, Spun Up
Commissioned Spare : No
Device Firmware Level: A3MA
Shield Counter: 0
Successful diagnostics completion on :  N/A
SAS Address(0): 0x5003048017b28360
Connected Port Number: 0(path0) 
Inquiry Data:       JK11A5B8J37ESXHitachi HDS722020ALA330                 JKAOA3MA
FDE Enable: Disable
Secured: Unsecured
Locked: Unlocked
Needs EKM Attention: No
Foreign State: None 
Device Speed: 3.0Gb/s 
Link Speed: 12.0Gb/s 
Media Type: Hard Disk Device
Drive Temperature :29C (84.20 F)
PI Eligibility:  No 
Drive is formatted for PI information:  No
PI: No PI
Drive's write cache : Enabled
Drive's NCQ setting : Enabled
Port-0 :
Port status: Active
Port's Linkspeed: 12.0Gb/s 
Drive has flagged a S.M.A.R.T alert : No



Enclosure Device ID: 0
Slot Number: 17
Enclosure position: 0
Device Id: 19
WWN: 5000cca222dda7cd
Sequence Number: 8
Media Error Count: 157
Other Error Count: 6
Predictive Failure Count: 0
Last Predictive Failure Event Seq Number: 0
PD Type: SATA
Raw Size: 1.819 TB [0xe8e088b0 Sectors]
Non Coerced Size: 1.818 TB [0xe8d088b0 Sectors]
Coerced Size: 1.818 TB [0xe8d00000 Sectors]
Firmware state: Unconfigured(bad)
Device Firmware Level: A3MA
Shield Counter: 1
Successful diagnostics completion on (MM-DD-YYYY):  6-9-2018  3:10:0
SAS Address(0): 0x5003048017b28361
Connected Port Number: 0(path0) 
Inquiry Data: ATA     Hitachi HDS72202A3MA      JK11A5B8J37BLX
FDE Enable: Disable
Secured: Unsecured
Locked: Unlocked
Needs EKM Attention: No
Foreign State: None 
Device Speed: 3.0Gb/s 
Link Speed: 12.0Gb/s 
Media Type: Hard Disk Device
Drive Temperature :29C (84.20 F)
PI Eligibility:  No 
Drive is formatted for PI information:  No
PI: No PI
Drive's write cache : Enabled
Drive's NCQ setting : Enabled
Port-0 :
Port status: Active
Port's Linkspeed: 12.0Gb/s 
Drive has flagged a S.M.A.R.T alert : No



Enclosure Device ID: 0
Slot Number: 18
Drive's postion: DiskGroup: 0, Span: 0, Arm: 18
Enclosure position: 0
Device Id: 23
WWN: 50024e9004cfce3f
Sequence Number: 2
Media Error Count: 0
Other Error Count: 0
Predictive Failure Count: 0
Last Predictive Failure Event Seq Number: 0
PD Type: SATA
Raw Size: 1.819 TB [0xe8e088b0 Sectors]
Non Coerced Size: 1.818 TB [0xe8d088b0 Sectors]
Coerced Size: 1.818 TB [0xe8d00000 Sectors]
Firmware state: Online, Spun Up
Commissioned Spare : No
Device Firmware Level: 0001
Shield Counter: 0
Successful diagnostics completion on :  N/A
SAS Address(0): 0x5003048017b28362
Connected Port Number: 0(path0) 
Inquiry Data: S2H7JD2B403709      SAMSUNG HD204UI                         1AQ10001
FDE Enable: Disable
Secured: Unsecured
Locked: Unlocked
Needs EKM Attention: No
Foreign State: None 
Device Speed: 3.0Gb/s 
Link Speed: 12.0Gb/s 
Media Type: Hard Disk Device
Drive Temperature :25C (77.00 F)
PI Eligibility:  No 
Drive is formatted for PI information:  No
PI: No PI
Drive's write cache : Enabled
Drive's NCQ setting : Enabled
Port-0 :
Port status: Active
Port's Linkspeed: 12.0Gb/s 
Drive has flagged a S.M.A.R.T alert : No



Enclosure Device ID: 0
Slot Number: 19
Drive's postion: DiskGroup: 0, Span: 0, Arm: 19
Enclosure position: 0
Device Id: 24
WWN: 5000cca222dc83be
Sequence Number: 2
Media Error Count: 0
Other Error Count: 0
Predictive Failure Count: 0
Last Predictive Failure Event Seq Number: 0
PD Type: SATA
Raw Size: 1.819 TB [0xe8e088b0 Sectors]
Non Coerced Size: 1.818 TB [0xe8d088b0 Sectors]
Coerced Size: 1.818 TB [0xe8d00000 Sectors]
Firmware state: Online, Spun Up
Commissioned Spare : No
Device Firmware Level: A3MA
Shield Counter: 0
Successful diagnostics completion on :  N/A
SAS Address(0): 0x5003048017b28363
Connected Port Number: 0(path0) 
Inquiry Data:       JK11A5B8J0RKSXHitachi HDS722020ALA330                 JKAOA3MA
FDE Enable: Disable
Secured: Unsecured
Locked: Unlocked
Needs EKM Attention: No
Foreign State: None 
Device Speed: 3.0Gb/s 
Link Speed: 12.0Gb/s 
Media Type: Hard Disk Device
Drive Temperature :30C (86.00 F)
PI Eligibility:  No 
Drive is formatted for PI information:  No
PI: No PI
Drive's write cache : Enabled
Drive's NCQ setting : Enabled
Port-0 :
Port status: Active
Port's Linkspeed: 12.0Gb/s 
Drive has flagged a S.M.A.R.T alert : No



Enclosure Device ID: 0
Slot Number: 20
Enclosure position: 0
Device Id: 25
WWN: 5000cca222dda887
Sequence Number: 2
Media Error Count: 0
Other Error Count: 0
Predictive Failure Count: 0
Last Predictive Failure Event Seq Number: 0
PD Type: SATAHotspare Information: 
Type: Global, is revertible


Raw Size: 1.819 TB [0xe8e088b0 Sectors]
Non Coerced Size: 1.818 TB [0xe8d088b0 Sectors]
Coerced Size: 1.818 TB [0xe8d00000 Sectors]
Firmware state: Hotspare, Spun down
Emergency Spare    : Eligible
Device Firmware Level: A3MA
Shield Counter: 0
Successful diagnostics completion on :  N/A
SAS Address(0): 0x5003048017b28364
Connected Port Number: 0(path0) 
Inquiry Data:       JK11A5B8J37KLXHitachi HDS722020ALA330                 JKAOA3MAHotspare Information: 
Type: Global, is revertible


FDE Enable: Disable
Secured: Unsecured
Locked: Unlocked
Needs EKM Attention: No
Foreign State: None 
Device Speed: 3.0Gb/s 
Link Speed: 12.0Gb/s 
Media Type: Hard Disk Device
Drive Temperature :31C (87.80 F)
PI Eligibility:  No 
Drive is formatted for PI information:  No
PI: No PI
Drive's write cache : Enabled
Drive's NCQ setting : Enabled
Port-0 :
Port status: Active
Port's Linkspeed: 12.0Gb/s 
Drive has flagged a S.M.A.R.T alert : No


Hotspare Information: 
Type: Global, is revertible


Enclosure Device ID: 0
Slot Number: 21
Drive's postion: DiskGroup: 0, Span: 0, Arm: 17
Enclosure position: 0
Device Id: 21
WWN: 50024e9004cfcd63
Sequence Number: 4
Media Error Count: 0
Other Error Count: 0
Predictive Failure Count: 0
Last Predictive Failure Event Seq Number: 0
PD Type: SATA
Raw Size: 1.819 TB [0xe8e088b0 Sectors]
Non Coerced Size: 1.818 TB [0xe8d088b0 Sectors]
Coerced Size: 1.818 TB [0xe8d00000 Sectors]
Firmware state: Online, Spun Up
Commissioned Spare : Yes
Device Firmware Level: 0001
Shield Counter: 0
Successful diagnostics completion on :  N/A
SAS Address(0): 0x5003048017b28365
Connected Port Number: 0(path0) 
Inquiry Data: S2H7JD2B403627      SAMSUNG HD204UI                         1AQ10001
FDE Enable: Disable
Secured: Unsecured
Locked: Unlocked
Needs EKM Attention: No
Foreign State: None 
Device Speed: 3.0Gb/s 
Link Speed: 12.0Gb/s 
Media Type: Hard Disk Device
Drive Temperature :24C (75.20 F)
PI Eligibility:  No 
Drive is formatted for PI information:  No
PI: No PI
Drive's write cache : Enabled
Drive's NCQ setting : Enabled
Port-0 :
Port status: Active
Port's Linkspeed: 12.0Gb/s 
Drive has flagged a S.M.A.R.T alert : No




Exit Code: 0x00
